2022-07-19 13:58:34 [::1][-][ckbm4ms1q56r66lhqqebk5l546][error][yii\db\Exception] PDOException: SQLSTATE[HY000] [1049] Unknown database 'yii2advanced' in C:\xampp74\htdocs\yii2\vendor\yiisoft\yii2\db\Connection.php:721
Stack trace:
#0 C:\xampp74\htdocs\yii2\vendor\yiisoft\yii2\db\Connection.php(721): PDO->__construct('mysql:host=loca...', 'root', '', NULL)
#1 C:\xampp74\htdocs\yii2\vendor\yiisoft\yii2\db\Connection.php(636): yii\db\Connection->createPdoInstance()
#2 C:\xampp74\htdocs\yii2\vendor\yiisoft\yii2\db\Connection.php(1066): yii\db\Connection->open()
#3 C:\xampp74\htdocs\yii2\vendor\yiisoft\yii2\db\Connection.php(1053): yii\db\Connection->getMasterPdo()
#4 C:\xampp74\htdocs\yii2\vendor\yiisoft\yii2\db\Command.php(261): yii\db\Connection->getSlavePdo()
#5 C:\xampp74\htdocs\yii2\vendor\yiisoft\yii2\db\Command.php(1163): yii\db\Command->prepare(true)
#6 C:\xampp74\htdocs\yii2\vendor\yiisoft\yii2\db\Command.php(410): yii\db\Command->queryInternal('fetchAll', NULL)
#7 C:\xampp74\htdocs\yii2\vendor\yiisoft\yii2\db\mysql\Schema.php(320): yii\db\Command->queryAll()
#8 C:\xampp74\htdocs\yii2\vendor\yiisoft\yii2\db\mysql\Schema.php(125): yii\db\mysql\Schema->findColumns(Object(yii\db\TableSchema))
#9 C:\xampp74\htdocs\yii2\vendor\yiisoft\yii2\db\Schema.php(756): yii\db\mysql\Schema->loadTableSchema('user')
#10 C:\xampp74\htdocs\yii2\vendor\yiisoft\yii2\db\Schema.php(192): yii\db\Schema->getTableMetadata('{{%user}}', 'schema', false)
#11 C:\xampp74\htdocs\yii2\vendor\yiisoft\yii2\db\ActiveRecord.php(439): yii\db\Schema->getTableSchema('{{%user}}')
#12 C:\xampp74\htdocs\yii2\vendor\yiisoft\yii2\db\ActiveRecord.php(266): yii\db\ActiveRecord::getTableSchema()
#13 C:\xampp74\htdocs\yii2\vendor\yiisoft\yii2\db\ActiveRecord.php(238): yii\db\ActiveRecord::filterValidColumnNames(Object(yii\db\Connection), Array)
#14 C:\xampp74\htdocs\yii2\vendor\yiisoft\yii2\db\ActiveRecord.php(195): yii\db\ActiveRecord::filterCondition(Array, Array)
#15 C:\xampp74\htdocs\yii2\vendor\yiisoft\yii2\db\BaseActiveRecord.php(110): yii\db\ActiveRecord::findByCondition(Array)
#16 C:\xampp74\htdocs\yii2\common\models\User.php(86): yii\db\BaseActiveRecord::findOne(Array)
#17 C:\xampp74\htdocs\yii2\common\models\LoginForm.php(74): common\models\User::findByUsername('admin')
#18 C:\xampp74\htdocs\yii2\common\models\LoginForm.php(45): common\models\LoginForm->getUser()
#19 C:\xampp74\htdocs\yii2\vendor\yiisoft\yii2\validators\InlineValidator.php(84): common\models\LoginForm->validatePassword('password', NULL, Object(yii\validators\InlineValidator), 'password')
#20 C:\xampp74\htdocs\yii2\vendor\yiisoft\yii2\validators\Validator.php(261): yii\validators\InlineValidator->validateAttribute(Object(common\models\LoginForm), 'password')
#21 C:\xampp74\htdocs\yii2\vendor\yiisoft\yii2\base\Model.php(367): yii\validators\Validator->validateAttributes(Object(common\models\LoginForm), Array)
#22 C:\xampp74\htdocs\yii2\common\models\LoginForm.php(59): yii\base\Model->validate()
#23 C:\xampp74\htdocs\yii2\backend\controllers\SiteController.php(82): common\models\LoginForm->login()
#24 [internal function]: backend\controllers\SiteController->actionLogin()
#25 C:\xampp74\htdocs\yii2\vendor\yiisoft\yii2\base\InlineAction.php(57): call_user_func_array(Array, Array)
#26 C:\xampp74\htdocs\yii2\vendor\yiisoft\yii2\base\Controller.php(178): yii\base\InlineAction->runWithParams(Array)
#27 C:\xampp74\htdocs\yii2\vendor\yiisoft\yii2\base\Module.php(552): yii\base\Controller->runAction('login', Array)
#28 C:\xampp74\htdocs\yii2\vendor\yiisoft\yii2\web\Application.php(103): yii\base\Module->runAction('site/login', Array)
#29 C:\xampp74\htdocs\yii2\vendor\yiisoft\yii2\base\Application.php(384): yii\web\Application->handleRequest(Object(yii\web\Request))
#30 C:\xampp74\htdocs\yii2\backend\web\index.php(18): yii\base\Application->run()
#31 {main}

Next yii\db\Exception: SQLSTATE[HY000] [1049] Unknown database 'yii2advanced' in C:\xampp74\htdocs\yii2\vendor\yiisoft\yii2\db\Connection.php:647
Stack trace:
#0 C:\xampp74\htdocs\yii2\vendor\yiisoft\yii2\db\Connection.php(1066): yii\db\Connection->open()
#1 C:\xampp74\htdocs\yii2\vendor\yiisoft\yii2\db\Connection.php(1053): yii\db\Connection->getMasterPdo()
#2 C:\xampp74\htdocs\yii2\vendor\yiisoft\yii2\db\Command.php(261): yii\db\Connection->getSlavePdo()
#3 C:\xampp74\htdocs\yii2\vendor\yiisoft\yii2\db\Command.php(1163): yii\db\Command->prepare(true)
#4 C:\xampp74\htdocs\yii2\vendor\yiisoft\yii2\db\Command.php(410): yii\db\Command->queryInternal('fetchAll', NULL)
#5 C:\xampp74\htdocs\yii2\vendor\yiisoft\yii2\db\mysql\Schema.php(320): yii\db\Command->queryAll()
#6 C:\xampp74\htdocs\yii2\vendor\yiisoft\yii2\db\mysql\Schema.php(125): yii\db\mysql\Schema->findColumns(Object(yii\db\TableSchema))
#7 C:\xampp74\htdocs\yii2\vendor\yiisoft\yii2\db\Schema.php(756): yii\db\mysql\Schema->loadTableSchema('user')
#8 C:\xampp74\htdocs\yii2\vendor\yiisoft\yii2\db\Schema.php(192): yii\db\Schema->getTableMetadata('{{%user}}', 'schema', false)
#9 C:\xampp74\htdocs\yii2\vendor\yiisoft\yii2\db\ActiveRecord.php(439): yii\db\Schema->getTableSchema('{{%user}}')
#10 C:\xampp74\htdocs\yii2\vendor\yiisoft\yii2\db\ActiveRecord.php(266): yii\db\ActiveRecord::getTableSchema()
#11 C:\xampp74\htdocs\yii2\vendor\yiisoft\yii2\db\ActiveRecord.php(238): yii\db\ActiveRecord::filterValidColumnNames(Object(yii\db\Connection), Array)
#12 C:\xampp74\htdocs\yii2\vendor\yiisoft\yii2\db\ActiveRecord.php(195): yii\db\ActiveRecord::filterCondition(Array, Array)
#13 C:\xampp74\htdocs\yii2\vendor\yiisoft\yii2\db\BaseActiveRecord.php(110): yii\db\ActiveRecord::findByCondition(Array)
#14 C:\xampp74\htdocs\yii2\common\models\User.php(86): yii\db\BaseActiveRecord::findOne(Array)
#15 C:\xampp74\htdocs\yii2\common\models\LoginForm.php(74): common\models\User::findByUsername('admin')
#16 C:\xampp74\htdocs\yii2\common\models\LoginForm.php(45): common\models\LoginForm->getUser()
#17 C:\xampp74\htdocs\yii2\vendor\yiisoft\yii2\validators\InlineValidator.php(84): common\models\LoginForm->validatePassword('password', NULL, Object(yii\validators\InlineValidator), 'password')
#18 C:\xampp74\htdocs\yii2\vendor\yiisoft\yii2\validators\Validator.php(261): yii\validators\InlineValidator->validateAttribute(Object(common\models\LoginForm), 'password')
#19 C:\xampp74\htdocs\yii2\vendor\yiisoft\yii2\base\Model.php(367): yii\validators\Validator->validateAttributes(Object(common\models\LoginForm), Array)
#20 C:\xampp74\htdocs\yii2\common\models\LoginForm.php(59): yii\base\Model->validate()
#21 C:\xampp74\htdocs\yii2\backend\controllers\SiteController.php(82): common\models\LoginForm->login()
#22 [internal function]: backend\controllers\SiteController->actionLogin()
#23 C:\xampp74\htdocs\yii2\vendor\yiisoft\yii2\base\InlineAction.php(57): call_user_func_array(Array, Array)
#24 C:\xampp74\htdocs\yii2\vendor\yiisoft\yii2\base\Controller.php(178): yii\base\InlineAction->runWithParams(Array)
#25 C:\xampp74\htdocs\yii2\vendor\yiisoft\yii2\base\Module.php(552): yii\base\Controller->runAction('login', Array)
#26 C:\xampp74\htdocs\yii2\vendor\yiisoft\yii2\web\Application.php(103): yii\base\Module->runAction('site/login', Array)
#27 C:\xampp74\htdocs\yii2\vendor\yiisoft\yii2\base\Application.php(384): yii\web\Application->handleRequest(Object(yii\web\Request))
#28 C:\xampp74\htdocs\yii2\backend\web\index.php(18): yii\base\Application->run()
#29 {main}
Additional Information:
Array
(
    [0] => HY000
    [1] => 1049
    [2] => Unknown database 'yii2advanced'
)

2022-07-19 13:58:34 [::1][-][ckbm4ms1q56r66lhqqebk5l546][info][application] $_GET = [
    'r' => 'site/login'
]

$_POST = [
    '_csrf-backend' => '9kh1ojYys8xZoQQ0hKK2pO6C80sKjotmWtY2jj_P6VOsKRqVY170lDeScnHNkOTPne2ZIkPI7hwCkE7CefaxZQ=='
    'LoginForm' => [
        'username' => 'admin'
        'password' => 'password'
        'rememberMe' => '1'
    ]
    'login-button' => ''
]

$_FILES = []

$_COOKIE = [
    'grafana_session' => '74c2f672faeed82b296d58c4fff7fdb7'
    'advanced-backend' => 'ckbm4ms1q56r66lhqqebk5l546'
    '_csrf-backend' => '3ca6313169316b9cb8ece0e239f460a6da8ff6da6b7d518fd912ba4f710a1066a:2:{i:0;s:13:\"_csrf-backend\";i:1;s:32:\"Zao7UlGXn3vEI2RksojiIFezXFxLF9X6\";}'
]

$_SESSION = [
    '__flash' => []
    '__returnUrl' => 'http://localhost/yii2/backend/web/'
]

$_SERVER = [
    'MIBDIRS' => 'C:/xampp74/php/extras/mibs'
    'MYSQL_HOME' => '\\xampp\\mysql\\bin'
    'OPENSSL_CONF' => 'C:/xampp74/apache/bin/openssl.cnf'
    'PHP_PEAR_SYSCONF_DIR' => '\\xampp\\php'
    'PHPRC' => '\\xampp\\php'
    'TMP' => '\\xampp\\tmp'
    'HTTP_HOST' => 'localhost'
    'HTTP_CONNECTION' => 'keep-alive'
    'CONTENT_LENGTH' => '239'
    'HTTP_CACHE_CONTROL' => 'max-age=0'
    'HTTP_SEC_CH_UA' => '\".Not/A)Brand\";v=\"99\", \"Google Chrome\";v=\"103\", \"Chromium\";v=\"103\"'
    'HTTP_SEC_CH_UA_MOBILE' => '?0'
    'HTTP_SEC_CH_UA_PLATFORM' => '\"Windows\"'
    'HTTP_UPGRADE_INSECURE_REQUESTS' => '1'
    'HTTP_ORIGIN' => 'http://localhost'
    'CONTENT_TYPE' => 'application/x-www-form-urlencoded'
    'HTTP_USER_AGENT' => 'Mozilla/5.0 (Windows NT 10.0; Win64; x64) AppleWebKit/537.36 (KHTML, like Gecko) Chrome/103.0.0.0 Safari/537.36'
    'HTTP_ACCEPT' => 'text/html,application/xhtml+xml,application/xml;q=0.9,image/avif,image/webp,image/apng,*/*;q=0.8,application/signed-exchange;v=b3;q=0.9'
    'HTTP_SEC_FETCH_SITE' => 'same-origin'
    'HTTP_SEC_FETCH_MODE' => 'navigate'
    'HTTP_SEC_FETCH_USER' => '?1'
    'HTTP_SEC_FETCH_DEST' => 'document'
    'HTTP_REFERER' => 'http://localhost/yii2/backend/web/index.php?r=site%2Flogin'
    'HTTP_ACCEPT_ENCODING' => 'gzip, deflate, br'
    'HTTP_ACCEPT_LANGUAGE' => 'th-TH,th;q=0.9,en;q=0.8'
    'HTTP_COOKIE' => 'grafana_session=74c2f672faeed82b296d58c4fff7fdb7; advanced-backend=ckbm4ms1q56r66lhqqebk5l546; _csrf-backend=3ca6313169316b9cb8ece0e239f460a6da8ff6da6b7d518fd912ba4f710a1066a%3A2%3A%7Bi%3A0%3Bs%3A13%3A%22_csrf-backend%22%3Bi%3A1%3Bs%3A32%3A%22Zao7UlGXn3vEI2RksojiIFezXFxLF9X6%22%3B%7D'
    'PATH' => 'C:\\Anaconda3;C:\\Anaconda3\\Library\\mingw-w64\\bin;C:\\Anaconda3\\Library\\usr\\bin;C:\\Anaconda3\\Library\\bin;C:\\Anaconda3\\Scripts;C:\\Program Files (x86)\\Common Files\\Oracle\\Java\\javapath;C:\\Windows\\system32;C:\\Windows;C:\\Windows\\System32\\Wbem;C:\\Windows\\System32\\WindowsPowerShell\\v1.0\\;C:\\Windows\\System32\\OpenSSH\\;C:\\Program Files (x86)\\NVIDIA Corporation\\PhysX\\Common;C:\\WINDOWS\\system32;C:\\WINDOWS;C:\\WINDOWS\\System32\\Wbem;C:\\WINDOWS\\System32\\WindowsPowerShell\\v1.0\\;C:\\WINDOWS\\System32\\OpenSSH\\;C:\\Program Files\\Git\\cmd;C:\\Program Files\\PuTTY\\;C:\\Program Files\\nodejs\\;C:\\Program Files\\Docker\\Docker\\resources\\bin;C:\\ProgramData\\DockerDesktop\\version-bin;C:\\Program Files\\dotnet\\;C:\\Program Files\\Microsoft SQL Server\\130\\Tools\\Binn\\;C:\\Program Files\\Microsoft SQL Server\\Client SDK\\ODBC\\170\\Tools\\Binn\\;C:\\xampp74\\php;C:\\ProgramData\\ComposerSetup\\bin;C:\\Program Files\\CMake\\bin;C:\\Python39\\Scripts;C:\\Python39;C:\\Python310\\Scripts\\;C:\\Python310\\;C:\\Python39\\Scripts\\;C:\\Python39\\;C:\\Users\\66987\\AppData\\Local\\Microsoft\\WindowsApps;C:\\Users\\66987\\AppData\\Local\\Programs\\Microsoft VS Code\\bin;C:\\Users\\66987\\AppData\\Local\\ComposerSetup\\bin;C:\\Users\\66987\\AppData\\Roaming\\Composer\\vendor\\bin;C:\\Program Files\\Tesseract-OCR;C:\\Users\\66987\\AppData\\Roaming\\npm;C:\\spark\\bin;C:\\Program Files\\Java\\jdk1.8.0_211\\bin;C:\\Program Files\\Redis;C:\\Users\\66987\\Desktop\\mongodb\\mongo\\bin;C:\\Users\\66987\\AppData\\Local\\Android\\Sdk;C:\\Users\\66987\\AppData\\Local\\Android\\Sdk\\tools;C:\\Users\\66987\\AppData\\Local\\Android\\Sdk\\platform-tools;C:\\ngrok;C:\\gradle\\gradle-6.9\\bin;C:\\ffmpeg2\\bin;C:\\Users\\66987\\.dotnet\\tools;C:\\Program Files\\JetBrains\\PyCharm Community Edition with Anaconda plugin 2020.2.5\\bin;;C:\\chrome_driver;C:\\mongosh\\bin;C:\\xampp74\\htdocs\\socket\\ngrok;'
    'SystemRoot' => 'C:\\WINDOWS'
    'COMSPEC' => 'C:\\WINDOWS\\system32\\cmd.exe'
    'PATHEXT' => '.COM;.EXE;.BAT;.CMD;.VBS;.VBE;.JS;.JSE;.WSF;.WSH;.MSC'
    'WINDIR' => 'C:\\WINDOWS'
    'SERVER_SIGNATURE' => '<address>Apache/2.4.46 (Win64) OpenSSL/1.1.1h PHP/7.4.15 Server at localhost Port 80</address>
'
    'SERVER_SOFTWARE' => 'Apache/2.4.46 (Win64) OpenSSL/1.1.1h PHP/7.4.15'
    'SERVER_NAME' => 'localhost'
    'SERVER_ADDR' => '::1'
    'SERVER_PORT' => '80'
    'REMOTE_ADDR' => '::1'
    'DOCUMENT_ROOT' => 'C:/xampp74/htdocs'
    'REQUEST_SCHEME' => 'http'
    'CONTEXT_PREFIX' => ''
    'CONTEXT_DOCUMENT_ROOT' => 'C:/xampp74/htdocs'
    'SERVER_ADMIN' => 'postmaster@localhost'
    'SCRIPT_FILENAME' => 'C:/xampp74/htdocs/yii2/backend/web/index.php'
    'REMOTE_PORT' => '1891'
    'GATEWAY_INTERFACE' => 'CGI/1.1'
    'SERVER_PROTOCOL' => 'HTTP/1.1'
    'REQUEST_METHOD' => 'POST'
    'QUERY_STRING' => 'r=site%2Flogin'
    'REQUEST_URI' => '/yii2/backend/web/index.php?r=site%2Flogin'
    'SCRIPT_NAME' => '/yii2/backend/web/index.php'
    'PHP_SELF' => '/yii2/backend/web/index.php'
    'REQUEST_TIME_FLOAT' => 1658231914.3568
    'REQUEST_TIME' => 1658231914
]
2022-07-19 14:04:42 [::1][-][ckbm4ms1q56r66lhqqebk5l546][error][yii\db\Exception] PDOException: SQLSTATE[HY000] [1049] Unknown database 'yii2advanced' in C:\xampp74\htdocs\yii2\vendor\yiisoft\yii2\db\Connection.php:721
Stack trace:
#0 C:\xampp74\htdocs\yii2\vendor\yiisoft\yii2\db\Connection.php(721): PDO->__construct('mysql:host=loca...', 'root', '', NULL)
#1 C:\xampp74\htdocs\yii2\vendor\yiisoft\yii2\db\Connection.php(636): yii\db\Connection->createPdoInstance()
#2 C:\xampp74\htdocs\yii2\vendor\yiisoft\yii2\db\Connection.php(1066): yii\db\Connection->open()
#3 C:\xampp74\htdocs\yii2\vendor\yiisoft\yii2\db\Connection.php(1053): yii\db\Connection->getMasterPdo()
#4 C:\xampp74\htdocs\yii2\vendor\yiisoft\yii2\db\Command.php(261): yii\db\Connection->getSlavePdo()
#5 C:\xampp74\htdocs\yii2\vendor\yiisoft\yii2\db\Command.php(1163): yii\db\Command->prepare(true)
#6 C:\xampp74\htdocs\yii2\vendor\yiisoft\yii2\db\Command.php(410): yii\db\Command->queryInternal('fetchAll', NULL)
#7 C:\xampp74\htdocs\yii2\vendor\yiisoft\yii2\db\mysql\Schema.php(320): yii\db\Command->queryAll()
#8 C:\xampp74\htdocs\yii2\vendor\yiisoft\yii2\db\mysql\Schema.php(125): yii\db\mysql\Schema->findColumns(Object(yii\db\TableSchema))
#9 C:\xampp74\htdocs\yii2\vendor\yiisoft\yii2\db\Schema.php(756): yii\db\mysql\Schema->loadTableSchema('user')
#10 C:\xampp74\htdocs\yii2\vendor\yiisoft\yii2\db\Schema.php(192): yii\db\Schema->getTableMetadata('{{%user}}', 'schema', false)
#11 C:\xampp74\htdocs\yii2\vendor\yiisoft\yii2\db\ActiveRecord.php(439): yii\db\Schema->getTableSchema('{{%user}}')
#12 C:\xampp74\htdocs\yii2\vendor\yiisoft\yii2\db\ActiveRecord.php(266): yii\db\ActiveRecord::getTableSchema()
#13 C:\xampp74\htdocs\yii2\vendor\yiisoft\yii2\db\ActiveRecord.php(238): yii\db\ActiveRecord::filterValidColumnNames(Object(yii\db\Connection), Array)
#14 C:\xampp74\htdocs\yii2\vendor\yiisoft\yii2\db\ActiveRecord.php(195): yii\db\ActiveRecord::filterCondition(Array, Array)
#15 C:\xampp74\htdocs\yii2\vendor\yiisoft\yii2\db\BaseActiveRecord.php(110): yii\db\ActiveRecord::findByCondition(Array)
#16 C:\xampp74\htdocs\yii2\common\models\User.php(86): yii\db\BaseActiveRecord::findOne(Array)
#17 C:\xampp74\htdocs\yii2\common\models\LoginForm.php(74): common\models\User::findByUsername('admin')
#18 C:\xampp74\htdocs\yii2\common\models\LoginForm.php(45): common\models\LoginForm->getUser()
#19 C:\xampp74\htdocs\yii2\vendor\yiisoft\yii2\validators\InlineValidator.php(84): common\models\LoginForm->validatePassword('password', NULL, Object(yii\validators\InlineValidator), 'password')
#20 C:\xampp74\htdocs\yii2\vendor\yiisoft\yii2\validators\Validator.php(261): yii\validators\InlineValidator->validateAttribute(Object(common\models\LoginForm), 'password')
#21 C:\xampp74\htdocs\yii2\vendor\yiisoft\yii2\base\Model.php(367): yii\validators\Validator->validateAttributes(Object(common\models\LoginForm), Array)
#22 C:\xampp74\htdocs\yii2\common\models\LoginForm.php(59): yii\base\Model->validate()
#23 C:\xampp74\htdocs\yii2\backend\controllers\SiteController.php(82): common\models\LoginForm->login()
#24 [internal function]: backend\controllers\SiteController->actionLogin()
#25 C:\xampp74\htdocs\yii2\vendor\yiisoft\yii2\base\InlineAction.php(57): call_user_func_array(Array, Array)
#26 C:\xampp74\htdocs\yii2\vendor\yiisoft\yii2\base\Controller.php(178): yii\base\InlineAction->runWithParams(Array)
#27 C:\xampp74\htdocs\yii2\vendor\yiisoft\yii2\base\Module.php(552): yii\base\Controller->runAction('login', Array)
#28 C:\xampp74\htdocs\yii2\vendor\yiisoft\yii2\web\Application.php(103): yii\base\Module->runAction('site/login', Array)
#29 C:\xampp74\htdocs\yii2\vendor\yiisoft\yii2\base\Application.php(384): yii\web\Application->handleRequest(Object(yii\web\Request))
#30 C:\xampp74\htdocs\yii2\backend\web\index.php(18): yii\base\Application->run()
#31 {main}

Next yii\db\Exception: SQLSTATE[HY000] [1049] Unknown database 'yii2advanced' in C:\xampp74\htdocs\yii2\vendor\yiisoft\yii2\db\Connection.php:647
Stack trace:
#0 C:\xampp74\htdocs\yii2\vendor\yiisoft\yii2\db\Connection.php(1066): yii\db\Connection->open()
#1 C:\xampp74\htdocs\yii2\vendor\yiisoft\yii2\db\Connection.php(1053): yii\db\Connection->getMasterPdo()
#2 C:\xampp74\htdocs\yii2\vendor\yiisoft\yii2\db\Command.php(261): yii\db\Connection->getSlavePdo()
#3 C:\xampp74\htdocs\yii2\vendor\yiisoft\yii2\db\Command.php(1163): yii\db\Command->prepare(true)
#4 C:\xampp74\htdocs\yii2\vendor\yiisoft\yii2\db\Command.php(410): yii\db\Command->queryInternal('fetchAll', NULL)
#5 C:\xampp74\htdocs\yii2\vendor\yiisoft\yii2\db\mysql\Schema.php(320): yii\db\Command->queryAll()
#6 C:\xampp74\htdocs\yii2\vendor\yiisoft\yii2\db\mysql\Schema.php(125): yii\db\mysql\Schema->findColumns(Object(yii\db\TableSchema))
#7 C:\xampp74\htdocs\yii2\vendor\yiisoft\yii2\db\Schema.php(756): yii\db\mysql\Schema->loadTableSchema('user')
#8 C:\xampp74\htdocs\yii2\vendor\yiisoft\yii2\db\Schema.php(192): yii\db\Schema->getTableMetadata('{{%user}}', 'schema', false)
#9 C:\xampp74\htdocs\yii2\vendor\yiisoft\yii2\db\ActiveRecord.php(439): yii\db\Schema->getTableSchema('{{%user}}')
#10 C:\xampp74\htdocs\yii2\vendor\yiisoft\yii2\db\ActiveRecord.php(266): yii\db\ActiveRecord::getTableSchema()
#11 C:\xampp74\htdocs\yii2\vendor\yiisoft\yii2\db\ActiveRecord.php(238): yii\db\ActiveRecord::filterValidColumnNames(Object(yii\db\Connection), Array)
#12 C:\xampp74\htdocs\yii2\vendor\yiisoft\yii2\db\ActiveRecord.php(195): yii\db\ActiveRecord::filterCondition(Array, Array)
#13 C:\xampp74\htdocs\yii2\vendor\yiisoft\yii2\db\BaseActiveRecord.php(110): yii\db\ActiveRecord::findByCondition(Array)
#14 C:\xampp74\htdocs\yii2\common\models\User.php(86): yii\db\BaseActiveRecord::findOne(Array)
#15 C:\xampp74\htdocs\yii2\common\models\LoginForm.php(74): common\models\User::findByUsername('admin')
#16 C:\xampp74\htdocs\yii2\common\models\LoginForm.php(45): common\models\LoginForm->getUser()
#17 C:\xampp74\htdocs\yii2\vendor\yiisoft\yii2\validators\InlineValidator.php(84): common\models\LoginForm->validatePassword('password', NULL, Object(yii\validators\InlineValidator), 'password')
#18 C:\xampp74\htdocs\yii2\vendor\yiisoft\yii2\validators\Validator.php(261): yii\validators\InlineValidator->validateAttribute(Object(common\models\LoginForm), 'password')
#19 C:\xampp74\htdocs\yii2\vendor\yiisoft\yii2\base\Model.php(367): yii\validators\Validator->validateAttributes(Object(common\models\LoginForm), Array)
#20 C:\xampp74\htdocs\yii2\common\models\LoginForm.php(59): yii\base\Model->validate()
#21 C:\xampp74\htdocs\yii2\backend\controllers\SiteController.php(82): common\models\LoginForm->login()
#22 [internal function]: backend\controllers\SiteController->actionLogin()
#23 C:\xampp74\htdocs\yii2\vendor\yiisoft\yii2\base\InlineAction.php(57): call_user_func_array(Array, Array)
#24 C:\xampp74\htdocs\yii2\vendor\yiisoft\yii2\base\Controller.php(178): yii\base\InlineAction->runWithParams(Array)
#25 C:\xampp74\htdocs\yii2\vendor\yiisoft\yii2\base\Module.php(552): yii\base\Controller->runAction('login', Array)
#26 C:\xampp74\htdocs\yii2\vendor\yiisoft\yii2\web\Application.php(103): yii\base\Module->runAction('site/login', Array)
#27 C:\xampp74\htdocs\yii2\vendor\yiisoft\yii2\base\Application.php(384): yii\web\Application->handleRequest(Object(yii\web\Request))
#28 C:\xampp74\htdocs\yii2\backend\web\index.php(18): yii\base\Application->run()
#29 {main}
Additional Information:
Array
(
    [0] => HY000
    [1] => 1049
    [2] => Unknown database 'yii2advanced'
)

2022-07-19 14:04:42 [::1][-][ckbm4ms1q56r66lhqqebk5l546][info][application] $_GET = [
    'r' => 'site/login'
]

$_POST = [
    '_csrf-backend' => 'seV47cah_3qiQeptAYU3yIgZaGnGRh_8j0RKn8ZEJPfrhBfak824IsxynChIt2Wj-3YCAI8AeobXAjLTgH18wQ=='
    'LoginForm' => [
        'username' => 'admin'
        'password' => 'password'
        'rememberMe' => '1'
    ]
    'login-button' => ''
]

$_FILES = []

$_COOKIE = [
    'grafana_session' => '74c2f672faeed82b296d58c4fff7fdb7'
    'advanced-backend' => 'ckbm4ms1q56r66lhqqebk5l546'
    '_csrf-backend' => '3ca6313169316b9cb8ece0e239f460a6da8ff6da6b7d518fd912ba4f710a1066a:2:{i:0;s:13:\"_csrf-backend\";i:1;s:32:\"Zao7UlGXn3vEI2RksojiIFezXFxLF9X6\";}'
]

$_SESSION = [
    '__flash' => []
    '__returnUrl' => 'http://localhost/yii2/backend/web/'
]

$_SERVER = [
    'MIBDIRS' => 'C:/xampp74/php/extras/mibs'
    'MYSQL_HOME' => '\\xampp\\mysql\\bin'
    'OPENSSL_CONF' => 'C:/xampp74/apache/bin/openssl.cnf'
    'PHP_PEAR_SYSCONF_DIR' => '\\xampp\\php'
    'PHPRC' => '\\xampp\\php'
    'TMP' => '\\xampp\\tmp'
    'HTTP_HOST' => 'localhost'
    'HTTP_CONNECTION' => 'keep-alive'
    'CONTENT_LENGTH' => '239'
    'HTTP_CACHE_CONTROL' => 'max-age=0'
    'HTTP_SEC_CH_UA' => '\".Not/A)Brand\";v=\"99\", \"Google Chrome\";v=\"103\", \"Chromium\";v=\"103\"'
    'HTTP_SEC_CH_UA_MOBILE' => '?0'
    'HTTP_SEC_CH_UA_PLATFORM' => '\"Windows\"'
    'HTTP_UPGRADE_INSECURE_REQUESTS' => '1'
    'HTTP_ORIGIN' => 'http://localhost'
    'CONTENT_TYPE' => 'application/x-www-form-urlencoded'
    'HTTP_USER_AGENT' => 'Mozilla/5.0 (Windows NT 10.0; Win64; x64) AppleWebKit/537.36 (KHTML, like Gecko) Chrome/103.0.0.0 Safari/537.36'
    'HTTP_ACCEPT' => 'text/html,application/xhtml+xml,application/xml;q=0.9,image/avif,image/webp,image/apng,*/*;q=0.8,application/signed-exchange;v=b3;q=0.9'
    'HTTP_SEC_FETCH_SITE' => 'same-origin'
    'HTTP_SEC_FETCH_MODE' => 'navigate'
    'HTTP_SEC_FETCH_USER' => '?1'
    'HTTP_SEC_FETCH_DEST' => 'document'
    'HTTP_REFERER' => 'http://localhost/yii2/backend/web/index.php?r=site%2Flogin'
    'HTTP_ACCEPT_ENCODING' => 'gzip, deflate, br'
    'HTTP_ACCEPT_LANGUAGE' => 'th-TH,th;q=0.9,en;q=0.8'
    'HTTP_COOKIE' => 'grafana_session=74c2f672faeed82b296d58c4fff7fdb7; advanced-backend=ckbm4ms1q56r66lhqqebk5l546; _csrf-backend=3ca6313169316b9cb8ece0e239f460a6da8ff6da6b7d518fd912ba4f710a1066a%3A2%3A%7Bi%3A0%3Bs%3A13%3A%22_csrf-backend%22%3Bi%3A1%3Bs%3A32%3A%22Zao7UlGXn3vEI2RksojiIFezXFxLF9X6%22%3B%7D'
    'PATH' => 'C:\\Anaconda3;C:\\Anaconda3\\Library\\mingw-w64\\bin;C:\\Anaconda3\\Library\\usr\\bin;C:\\Anaconda3\\Library\\bin;C:\\Anaconda3\\Scripts;C:\\Program Files (x86)\\Common Files\\Oracle\\Java\\javapath;C:\\Windows\\system32;C:\\Windows;C:\\Windows\\System32\\Wbem;C:\\Windows\\System32\\WindowsPowerShell\\v1.0\\;C:\\Windows\\System32\\OpenSSH\\;C:\\Program Files (x86)\\NVIDIA Corporation\\PhysX\\Common;C:\\WINDOWS\\system32;C:\\WINDOWS;C:\\WINDOWS\\System32\\Wbem;C:\\WINDOWS\\System32\\WindowsPowerShell\\v1.0\\;C:\\WINDOWS\\System32\\OpenSSH\\;C:\\Program Files\\Git\\cmd;C:\\Program Files\\PuTTY\\;C:\\Program Files\\nodejs\\;C:\\Program Files\\Docker\\Docker\\resources\\bin;C:\\ProgramData\\DockerDesktop\\version-bin;C:\\Program Files\\dotnet\\;C:\\Program Files\\Microsoft SQL Server\\130\\Tools\\Binn\\;C:\\Program Files\\Microsoft SQL Server\\Client SDK\\ODBC\\170\\Tools\\Binn\\;C:\\xampp74\\php;C:\\ProgramData\\ComposerSetup\\bin;C:\\Program Files\\CMake\\bin;C:\\Python39\\Scripts;C:\\Python39;C:\\Python310\\Scripts\\;C:\\Python310\\;C:\\Python39\\Scripts\\;C:\\Python39\\;C:\\Users\\66987\\AppData\\Local\\Microsoft\\WindowsApps;C:\\Users\\66987\\AppData\\Local\\Programs\\Microsoft VS Code\\bin;C:\\Users\\66987\\AppData\\Local\\ComposerSetup\\bin;C:\\Users\\66987\\AppData\\Roaming\\Composer\\vendor\\bin;C:\\Program Files\\Tesseract-OCR;C:\\Users\\66987\\AppData\\Roaming\\npm;C:\\spark\\bin;C:\\Program Files\\Java\\jdk1.8.0_211\\bin;C:\\Program Files\\Redis;C:\\Users\\66987\\Desktop\\mongodb\\mongo\\bin;C:\\Users\\66987\\AppData\\Local\\Android\\Sdk;C:\\Users\\66987\\AppData\\Local\\Android\\Sdk\\tools;C:\\Users\\66987\\AppData\\Local\\Android\\Sdk\\platform-tools;C:\\ngrok;C:\\gradle\\gradle-6.9\\bin;C:\\ffmpeg2\\bin;C:\\Users\\66987\\.dotnet\\tools;C:\\Program Files\\JetBrains\\PyCharm Community Edition with Anaconda plugin 2020.2.5\\bin;;C:\\chrome_driver;C:\\mongosh\\bin;C:\\xampp74\\htdocs\\socket\\ngrok;'
    'SystemRoot' => 'C:\\WINDOWS'
    'COMSPEC' => 'C:\\WINDOWS\\system32\\cmd.exe'
    'PATHEXT' => '.COM;.EXE;.BAT;.CMD;.VBS;.VBE;.JS;.JSE;.WSF;.WSH;.MSC'
    'WINDIR' => 'C:\\WINDOWS'
    'SERVER_SIGNATURE' => '<address>Apache/2.4.46 (Win64) OpenSSL/1.1.1h PHP/7.4.15 Server at localhost Port 80</address>
'
    'SERVER_SOFTWARE' => 'Apache/2.4.46 (Win64) OpenSSL/1.1.1h PHP/7.4.15'
    'SERVER_NAME' => 'localhost'
    'SERVER_ADDR' => '::1'
    'SERVER_PORT' => '80'
    'REMOTE_ADDR' => '::1'
    'DOCUMENT_ROOT' => 'C:/xampp74/htdocs'
    'REQUEST_SCHEME' => 'http'
    'CONTEXT_PREFIX' => ''
    'CONTEXT_DOCUMENT_ROOT' => 'C:/xampp74/htdocs'
    'SERVER_ADMIN' => 'postmaster@localhost'
    'SCRIPT_FILENAME' => 'C:/xampp74/htdocs/yii2/backend/web/index.php'
    'REMOTE_PORT' => '2059'
    'GATEWAY_INTERFACE' => 'CGI/1.1'
    'SERVER_PROTOCOL' => 'HTTP/1.1'
    'REQUEST_METHOD' => 'POST'
    'QUERY_STRING' => 'r=site%2Flogin'
    'REQUEST_URI' => '/yii2/backend/web/index.php?r=site%2Flogin'
    'SCRIPT_NAME' => '/yii2/backend/web/index.php'
    'PHP_SELF' => '/yii2/backend/web/index.php'
    'REQUEST_TIME_FLOAT' => 1658232282.7682
    'REQUEST_TIME' => 1658232282
]
2023-03-08 15:44:05 [::1][-][55jb0lnnrd6druhk3asl8q9a6v][error][Error] Error: Class 'yii\mongodb\ActiveRecord' not found in C:\xampp\htdocs\yii2PFMS\vendor\yiisoft\yii2-mongodb\src\ActiveRecord.php:46
Stack trace:
#0 C:\xampp\htdocs\yii2PFMS\vendor\yiisoft\yii2\BaseYii.php(293): include()
#1 [internal function]: yii\BaseYii::autoload('yii\\mongodb\\Act...')
#2 C:\xampp\htdocs\yii2PFMS\common\models\User.php(26): spl_autoload_call('yii\\mongodb\\Act...')
#3 C:\xampp\htdocs\yii2PFMS\vendor\yiisoft\yii2\BaseYii.php(293): include('C:\\xampp\\htdocs...')
#4 [internal function]: yii\BaseYii::autoload('common\\models\\U...')
#5 C:\xampp\htdocs\yii2PFMS\common\models\LoginForm.php(74): spl_autoload_call('common\\models\\U...')
#6 C:\xampp\htdocs\yii2PFMS\common\models\LoginForm.php(45): common\models\LoginForm->getUser()
#7 C:\xampp\htdocs\yii2PFMS\vendor\yiisoft\yii2\validators\InlineValidator.php(84): common\models\LoginForm->validatePassword('password', NULL, Object(yii\validators\InlineValidator), '12345678')
#8 C:\xampp\htdocs\yii2PFMS\vendor\yiisoft\yii2\validators\Validator.php(261): yii\validators\InlineValidator->validateAttribute(Object(common\models\LoginForm), 'password')
#9 C:\xampp\htdocs\yii2PFMS\vendor\yiisoft\yii2\base\Model.php(367): yii\validators\Validator->validateAttributes(Object(common\models\LoginForm), Array)
#10 C:\xampp\htdocs\yii2PFMS\common\models\LoginForm.php(59): yii\base\Model->validate()
#11 C:\xampp\htdocs\yii2PFMS\backend\controllers\SiteController.php(82): common\models\LoginForm->login()
#12 [internal function]: backend\controllers\SiteController->actionLogin()
#13 C:\xampp\htdocs\yii2PFMS\vendor\yiisoft\yii2\base\InlineAction.php(57): call_user_func_array(Array, Array)
#14 C:\xampp\htdocs\yii2PFMS\vendor\yiisoft\yii2\base\Controller.php(178): yii\base\InlineAction->runWithParams(Array)
#15 C:\xampp\htdocs\yii2PFMS\vendor\yiisoft\yii2\base\Module.php(552): yii\base\Controller->runAction('login', Array)
#16 C:\xampp\htdocs\yii2PFMS\vendor\yiisoft\yii2\web\Application.php(103): yii\base\Module->runAction('site/login', Array)
#17 C:\xampp\htdocs\yii2PFMS\vendor\yiisoft\yii2\base\Application.php(384): yii\web\Application->handleRequest(Object(yii\web\Request))
#18 C:\xampp\htdocs\yii2PFMS\backend\web\index.php(18): yii\base\Application->run()
#19 {main}
2023-03-08 15:44:04 [::1][-][55jb0lnnrd6druhk3asl8q9a6v][info][application] $_GET = [
    'r' => 'site/login'
]

$_POST = [
    '_csrf-backend' => '9is7eZKQGMpyltz1h4gHtRL0YSeqf9ZXfiKDV3OluoO_aQ0B3fh-_jmkjr_zwzD9K7cKdOtSkGYYa9AREOvx4A=='
    'LoginForm' => [
        'username' => 'falaque'
        'password' => '12345678'
        'rememberMe' => '1'
    ]
    'login-button' => ''
]

$_FILES = []

$_COOKIE = [
    'advanced-backend' => '55jb0lnnrd6druhk3asl8q9a6v'
    '_csrf-backend' => '206afbffdf9adf107736e649e63c5a3b5271b42c857cf09fc19867ef15a6da87a:2:{i:0;s:13:\"_csrf-backend\";i:1;s:32:\"IB6xOhf4K2RJtK7H9CkSA-F1fISFcNKc\";}'
]

$_SESSION = [
    '__flash' => []
    '__returnUrl' => 'http://localhost/yii2PFMS/backend/web/'
]

$_SERVER = [
    'MIBDIRS' => 'C:/xampp/php/extras/mibs'
    'MYSQL_HOME' => '\\xampp\\mysql\\bin'
    'OPENSSL_CONF' => 'C:/xampp/apache/bin/openssl.cnf'
    'PHP_PEAR_SYSCONF_DIR' => '\\xampp\\php'
    'PHPRC' => '\\xampp\\php'
    'TMP' => '\\xampp\\tmp'
    'HTTP_HOST' => 'localhost'
    'HTTP_CONNECTION' => 'keep-alive'
    'CONTENT_LENGTH' => '241'
    'HTTP_CACHE_CONTROL' => 'max-age=0'
    'HTTP_SEC_CH_UA' => '\"Chromium\";v=\"110\", \"Not A(Brand\";v=\"24\", \"Google Chrome\";v=\"110\"'
    'HTTP_SEC_CH_UA_MOBILE' => '?0'
    'HTTP_SEC_CH_UA_PLATFORM' => '\"Windows\"'
    'HTTP_UPGRADE_INSECURE_REQUESTS' => '1'
    'HTTP_ORIGIN' => 'http://localhost'
    'CONTENT_TYPE' => 'application/x-www-form-urlencoded'
    'HTTP_USER_AGENT' => 'Mozilla/5.0 (Windows NT 10.0; Win64; x64) AppleWebKit/537.36 (KHTML, like Gecko) Chrome/110.0.0.0 Safari/537.36'
    'HTTP_ACCEPT' => 'text/html,application/xhtml+xml,application/xml;q=0.9,image/avif,image/webp,image/apng,*/*;q=0.8,application/signed-exchange;v=b3;q=0.7'
    'HTTP_SEC_FETCH_SITE' => 'same-origin'
    'HTTP_SEC_FETCH_MODE' => 'navigate'
    'HTTP_SEC_FETCH_USER' => '?1'
    'HTTP_SEC_FETCH_DEST' => 'document'
    'HTTP_REFERER' => 'http://localhost/yii2PFMS/backend/web/index.php?r=site%2Flogin'
    'HTTP_ACCEPT_ENCODING' => 'gzip, deflate, br'
    'HTTP_ACCEPT_LANGUAGE' => 'th-TH,th;q=0.9,en;q=0.8'
    'HTTP_COOKIE' => 'advanced-backend=55jb0lnnrd6druhk3asl8q9a6v; _csrf-backend=206afbffdf9adf107736e649e63c5a3b5271b42c857cf09fc19867ef15a6da87a%3A2%3A%7Bi%3A0%3Bs%3A13%3A%22_csrf-backend%22%3Bi%3A1%3Bs%3A32%3A%22IB6xOhf4K2RJtK7H9CkSA-F1fISFcNKc%22%3B%7D'
    'PATH' => 'C:\\Program Files\\Common Files\\Oracle\\Java\\javapath;C:\\Program Files\\Eclipse Adoptium\\jdk-11.0.16.101-hotspot\\bin;C:\\Program Files (x86)\\Common Files\\Oracle\\Java\\javapath;C:\\Program Files (x86)\\Common Files\\Intel\\Shared Libraries\\redist\\intel64\\compiler;C:\\Windows\\system32;C:\\Windows;C:\\Windows\\System32\\Wbem;C:\\Windows\\System32\\WindowsPowerShell\\v1.0\\;C:\\Windows\\System32\\OpenSSH\\;C:\\Program Files (x86)\\NVIDIA Corporation\\PhysX\\Common;C:\\Program Files\\NVIDIA Corporation\\NVIDIA NvDLISR;C:\\Program Files\\MATLAB\\R2014a\\runtime\\win64;C:\\Program Files\\MATLAB\\R2014a\\bin;C:\\Program Files\\MATLAB\\R2014a\\polyspace\\bin;C:\\WINDOWS\\system32;C:\\WINDOWS;C:\\WINDOWS\\System32\\Wbem;C:\\WINDOWS\\System32\\WindowsPowerShell\\v1.0\\;C:\\WINDOWS\\System32\\OpenSSH\\;C:\\Program Files\\Java\\jdk1.8.0_181\\bin;C:\\Program Files\\PuTTY\\;C:\\Program Files\\dotnet\\;C:\\ProgramData\\chocolatey\\bin;C:\\Program Files\\nodejs\\;C:\\Program Files\\Git\\cmd;C:\\WINDOWS\\system32;C:\\WINDOWS;C:\\WINDOWS\\System32\\Wbem;C:\\WINDOWS\\System32\\WindowsPowerShell\\v1.0\\;C:\\WINDOWS\\System32\\OpenSSH\\;C:\\Users\\Acer\\AppData\\Local\\Programs\\Python\\Python311\\Scripts\\;C:\\Users\\Acer\\AppData\\Local\\Programs\\Python\\Python311\\;C:\\Users\\Acer\\anaconda3;C:\\Users\\Acer\\anaconda3\\Library\\mingw-w64\\bin;C:\\Users\\Acer\\anaconda3\\Library\\usr\\bin;C:\\Users\\Acer\\anaconda3\\Library\\bin;C:\\Users\\Acer\\anaconda3\\Scripts;C:\\Python310\\Scripts\\;C:\\Python310\\;C:\\Users\\Acer\\AppData\\Local\\Microsoft\\WindowsApps;C:\\Users\\Acer\\Downloads\\PyCharm Community Edition 2020.2.3\\bin;;C:\\Users\\Acer\\AppData\\Local\\Programs\\Microsoft VS Code\\bin;C:\\spark\\bin;C:\\Program Files\\Java\\jdk-11.0.16.1\\bin;C:\\mongodb\\mongosh\\bin;C:\\mongodb\\mongodbtools\\bin;C:\\Program Files\\MongoDB\\Server\\5.0\\bin;C:\\Users\\Acer\\.dotnet\\tools;C:\\Users\\Acer\\AppData\\Roaming\\npm;C:\\Users\\Acer\\AppData\\Local\\Android\\Sdk\\platform-tools;'
    'SystemRoot' => 'C:\\WINDOWS'
    'COMSPEC' => 'C:\\WINDOWS\\system32\\cmd.exe'
    'PATHEXT' => '.COM;.EXE;.BAT;.CMD;.VBS;.VBE;.JS;.JSE;.WSF;.WSH;.MSC'
    'WINDIR' => 'C:\\WINDOWS'
    'SERVER_SIGNATURE' => '<address>Apache/2.4.52 (Win64) OpenSSL/1.1.1m PHP/7.4.27 Server at localhost Port 80</address>
'
    'SERVER_SOFTWARE' => 'Apache/2.4.52 (Win64) OpenSSL/1.1.1m PHP/7.4.27'
    'SERVER_NAME' => 'localhost'
    'SERVER_ADDR' => '::1'
    'SERVER_PORT' => '80'
    'REMOTE_ADDR' => '::1'
    'DOCUMENT_ROOT' => 'C:/xampp/htdocs'
    'REQUEST_SCHEME' => 'http'
    'CONTEXT_PREFIX' => ''
    'CONTEXT_DOCUMENT_ROOT' => 'C:/xampp/htdocs'
    'SERVER_ADMIN' => 'postmaster@localhost'
    'SCRIPT_FILENAME' => 'C:/xampp/htdocs/yii2PFMS/backend/web/index.php'
    'REMOTE_PORT' => '54477'
    'GATEWAY_INTERFACE' => 'CGI/1.1'
    'SERVER_PROTOCOL' => 'HTTP/1.1'
    'REQUEST_METHOD' => 'POST'
    'QUERY_STRING' => 'r=site%2Flogin'
    'REQUEST_URI' => '/yii2PFMS/backend/web/index.php?r=site%2Flogin'
    'SCRIPT_NAME' => '/yii2PFMS/backend/web/index.php'
    'PHP_SELF' => '/yii2PFMS/backend/web/index.php'
    'REQUEST_TIME_FLOAT' => 1678286644.9636
    'REQUEST_TIME' => 1678286644
]
2023-03-08 15:44:27 [::1][-][55jb0lnnrd6druhk3asl8q9a6v][error][Error] Error: Class 'yii\mongodb\ActiveRecord' not found in C:\xampp\htdocs\yii2PFMS\vendor\yiisoft\yii2-mongodb\src\ActiveRecord.php:46
Stack trace:
#0 C:\xampp\htdocs\yii2PFMS\vendor\yiisoft\yii2\BaseYii.php(293): include()
#1 [internal function]: yii\BaseYii::autoload('yii\\mongodb\\Act...')
#2 C:\xampp\htdocs\yii2PFMS\common\models\User.php(26): spl_autoload_call('yii\\mongodb\\Act...')
#3 C:\xampp\htdocs\yii2PFMS\vendor\yiisoft\yii2\BaseYii.php(293): include('C:\\xampp\\htdocs...')
#4 [internal function]: yii\BaseYii::autoload('common\\models\\U...')
#5 C:\xampp\htdocs\yii2PFMS\common\models\LoginForm.php(74): spl_autoload_call('common\\models\\U...')
#6 C:\xampp\htdocs\yii2PFMS\common\models\LoginForm.php(45): common\models\LoginForm->getUser()
#7 C:\xampp\htdocs\yii2PFMS\vendor\yiisoft\yii2\validators\InlineValidator.php(84): common\models\LoginForm->validatePassword('password', NULL, Object(yii\validators\InlineValidator), '12345678')
#8 C:\xampp\htdocs\yii2PFMS\vendor\yiisoft\yii2\validators\Validator.php(261): yii\validators\InlineValidator->validateAttribute(Object(common\models\LoginForm), 'password')
#9 C:\xampp\htdocs\yii2PFMS\vendor\yiisoft\yii2\base\Model.php(367): yii\validators\Validator->validateAttributes(Object(common\models\LoginForm), Array)
#10 C:\xampp\htdocs\yii2PFMS\common\models\LoginForm.php(59): yii\base\Model->validate()
#11 C:\xampp\htdocs\yii2PFMS\backend\controllers\SiteController.php(82): common\models\LoginForm->login()
#12 [internal function]: backend\controllers\SiteController->actionLogin()
#13 C:\xampp\htdocs\yii2PFMS\vendor\yiisoft\yii2\base\InlineAction.php(57): call_user_func_array(Array, Array)
#14 C:\xampp\htdocs\yii2PFMS\vendor\yiisoft\yii2\base\Controller.php(178): yii\base\InlineAction->runWithParams(Array)
#15 C:\xampp\htdocs\yii2PFMS\vendor\yiisoft\yii2\base\Module.php(552): yii\base\Controller->runAction('login', Array)
#16 C:\xampp\htdocs\yii2PFMS\vendor\yiisoft\yii2\web\Application.php(103): yii\base\Module->runAction('site/login', Array)
#17 C:\xampp\htdocs\yii2PFMS\vendor\yiisoft\yii2\base\Application.php(384): yii\web\Application->handleRequest(Object(yii\web\Request))
#18 C:\xampp\htdocs\yii2PFMS\backend\web\index.php(18): yii\base\Application->run()
#19 {main}
2023-03-08 15:44:27 [::1][-][55jb0lnnrd6druhk3asl8q9a6v][info][application] $_GET = [
    'r' => 'site/login'
]

$_POST = [
    '_csrf-backend' => 'LhMC3wGR3SuUZE8DprK4DyHTrIY_E1nRa7kQZELrLfVnUTSnTvm7H99WHUnS-Y9HGJDH1X4-H-AN8EMiIaVmlg=='
    'LoginForm' => [
        'username' => 'falaque'
        'password' => '12345678'
        'rememberMe' => '1'
    ]
    'login-button' => ''
]

$_FILES = []

$_COOKIE = [
    'advanced-backend' => '55jb0lnnrd6druhk3asl8q9a6v'
    '_csrf-backend' => '206afbffdf9adf107736e649e63c5a3b5271b42c857cf09fc19867ef15a6da87a:2:{i:0;s:13:\"_csrf-backend\";i:1;s:32:\"IB6xOhf4K2RJtK7H9CkSA-F1fISFcNKc\";}'
]

$_SESSION = [
    '__flash' => []
    '__returnUrl' => 'http://localhost/yii2PFMS/backend/web/index.php?'
]

$_SERVER = [
    'MIBDIRS' => 'C:/xampp/php/extras/mibs'
    'MYSQL_HOME' => '\\xampp\\mysql\\bin'
    'OPENSSL_CONF' => 'C:/xampp/apache/bin/openssl.cnf'
    'PHP_PEAR_SYSCONF_DIR' => '\\xampp\\php'
    'PHPRC' => '\\xampp\\php'
    'TMP' => '\\xampp\\tmp'
    'HTTP_HOST' => 'localhost'
    'HTTP_CONNECTION' => 'keep-alive'
    'CONTENT_LENGTH' => '241'
    'HTTP_CACHE_CONTROL' => 'max-age=0'
    'HTTP_SEC_CH_UA' => '\"Chromium\";v=\"110\", \"Not A(Brand\";v=\"24\", \"Google Chrome\";v=\"110\"'
    'HTTP_SEC_CH_UA_MOBILE' => '?0'
    'HTTP_SEC_CH_UA_PLATFORM' => '\"Windows\"'
    'HTTP_UPGRADE_INSECURE_REQUESTS' => '1'
    'HTTP_ORIGIN' => 'http://localhost'
    'CONTENT_TYPE' => 'application/x-www-form-urlencoded'
    'HTTP_USER_AGENT' => 'Mozilla/5.0 (Windows NT 10.0; Win64; x64) AppleWebKit/537.36 (KHTML, like Gecko) Chrome/110.0.0.0 Safari/537.36'
    'HTTP_ACCEPT' => 'text/html,application/xhtml+xml,application/xml;q=0.9,image/avif,image/webp,image/apng,*/*;q=0.8,application/signed-exchange;v=b3;q=0.7'
    'HTTP_SEC_FETCH_SITE' => 'same-origin'
    'HTTP_SEC_FETCH_MODE' => 'navigate'
    'HTTP_SEC_FETCH_USER' => '?1'
    'HTTP_SEC_FETCH_DEST' => 'document'
    'HTTP_REFERER' => 'http://localhost/yii2PFMS/backend/web/index.php?r=site%2Flogin'
    'HTTP_ACCEPT_ENCODING' => 'gzip, deflate, br'
    'HTTP_ACCEPT_LANGUAGE' => 'th-TH,th;q=0.9,en;q=0.8'
    'HTTP_COOKIE' => 'advanced-backend=55jb0lnnrd6druhk3asl8q9a6v; _csrf-backend=206afbffdf9adf107736e649e63c5a3b5271b42c857cf09fc19867ef15a6da87a%3A2%3A%7Bi%3A0%3Bs%3A13%3A%22_csrf-backend%22%3Bi%3A1%3Bs%3A32%3A%22IB6xOhf4K2RJtK7H9CkSA-F1fISFcNKc%22%3B%7D'
    'PATH' => 'C:\\Program Files\\Common Files\\Oracle\\Java\\javapath;C:\\Program Files\\Eclipse Adoptium\\jdk-11.0.16.101-hotspot\\bin;C:\\Program Files (x86)\\Common Files\\Oracle\\Java\\javapath;C:\\Program Files (x86)\\Common Files\\Intel\\Shared Libraries\\redist\\intel64\\compiler;C:\\Windows\\system32;C:\\Windows;C:\\Windows\\System32\\Wbem;C:\\Windows\\System32\\WindowsPowerShell\\v1.0\\;C:\\Windows\\System32\\OpenSSH\\;C:\\Program Files (x86)\\NVIDIA Corporation\\PhysX\\Common;C:\\Program Files\\NVIDIA Corporation\\NVIDIA NvDLISR;C:\\Program Files\\MATLAB\\R2014a\\runtime\\win64;C:\\Program Files\\MATLAB\\R2014a\\bin;C:\\Program Files\\MATLAB\\R2014a\\polyspace\\bin;C:\\WINDOWS\\system32;C:\\WINDOWS;C:\\WINDOWS\\System32\\Wbem;C:\\WINDOWS\\System32\\WindowsPowerShell\\v1.0\\;C:\\WINDOWS\\System32\\OpenSSH\\;C:\\Program Files\\Java\\jdk1.8.0_181\\bin;C:\\Program Files\\PuTTY\\;C:\\Program Files\\dotnet\\;C:\\ProgramData\\chocolatey\\bin;C:\\Program Files\\nodejs\\;C:\\Program Files\\Git\\cmd;C:\\WINDOWS\\system32;C:\\WINDOWS;C:\\WINDOWS\\System32\\Wbem;C:\\WINDOWS\\System32\\WindowsPowerShell\\v1.0\\;C:\\WINDOWS\\System32\\OpenSSH\\;C:\\Users\\Acer\\AppData\\Local\\Programs\\Python\\Python311\\Scripts\\;C:\\Users\\Acer\\AppData\\Local\\Programs\\Python\\Python311\\;C:\\Users\\Acer\\anaconda3;C:\\Users\\Acer\\anaconda3\\Library\\mingw-w64\\bin;C:\\Users\\Acer\\anaconda3\\Library\\usr\\bin;C:\\Users\\Acer\\anaconda3\\Library\\bin;C:\\Users\\Acer\\anaconda3\\Scripts;C:\\Python310\\Scripts\\;C:\\Python310\\;C:\\Users\\Acer\\AppData\\Local\\Microsoft\\WindowsApps;C:\\Users\\Acer\\Downloads\\PyCharm Community Edition 2020.2.3\\bin;;C:\\Users\\Acer\\AppData\\Local\\Programs\\Microsoft VS Code\\bin;C:\\spark\\bin;C:\\Program Files\\Java\\jdk-11.0.16.1\\bin;C:\\mongodb\\mongosh\\bin;C:\\mongodb\\mongodbtools\\bin;C:\\Program Files\\MongoDB\\Server\\5.0\\bin;C:\\Users\\Acer\\.dotnet\\tools;C:\\Users\\Acer\\AppData\\Roaming\\npm;C:\\Users\\Acer\\AppData\\Local\\Android\\Sdk\\platform-tools;'
    'SystemRoot' => 'C:\\WINDOWS'
    'COMSPEC' => 'C:\\WINDOWS\\system32\\cmd.exe'
    'PATHEXT' => '.COM;.EXE;.BAT;.CMD;.VBS;.VBE;.JS;.JSE;.WSF;.WSH;.MSC'
    'WINDIR' => 'C:\\WINDOWS'
    'SERVER_SIGNATURE' => '<address>Apache/2.4.52 (Win64) OpenSSL/1.1.1m PHP/7.4.27 Server at localhost Port 80</address>
'
    'SERVER_SOFTWARE' => 'Apache/2.4.52 (Win64) OpenSSL/1.1.1m PHP/7.4.27'
    'SERVER_NAME' => 'localhost'
    'SERVER_ADDR' => '::1'
    'SERVER_PORT' => '80'
    'REMOTE_ADDR' => '::1'
    'DOCUMENT_ROOT' => 'C:/xampp/htdocs'
    'REQUEST_SCHEME' => 'http'
    'CONTEXT_PREFIX' => ''
    'CONTEXT_DOCUMENT_ROOT' => 'C:/xampp/htdocs'
    'SERVER_ADMIN' => 'postmaster@localhost'
    'SCRIPT_FILENAME' => 'C:/xampp/htdocs/yii2PFMS/backend/web/index.php'
    'REMOTE_PORT' => '54526'
    'GATEWAY_INTERFACE' => 'CGI/1.1'
    'SERVER_PROTOCOL' => 'HTTP/1.1'
    'REQUEST_METHOD' => 'POST'
    'QUERY_STRING' => 'r=site%2Flogin'
    'REQUEST_URI' => '/yii2PFMS/backend/web/index.php?r=site%2Flogin'
    'SCRIPT_NAME' => '/yii2PFMS/backend/web/index.php'
    'PHP_SELF' => '/yii2PFMS/backend/web/index.php'
    'REQUEST_TIME_FLOAT' => 1678286667.2151
    'REQUEST_TIME' => 1678286667
]
